<?xml version="1.0" encoding="UTF-8"?>
<!-- Generated by org.testng.reporters.JUnitReportReporter -->
<testsuite hostname="DESKTOP-2647FE1" failures="0" tests="1" name="ChainCRM.SheduleCall_Del_MAC" time="0.013" errors="0" timestamp="2024-09-20T09:20:05 IST" skipped="0">
  <testcase classname="ChainCRM.SheduleCall_Del_MAC" name="testContactCreate" time="0.013"/>
</testsuite> <!-- ChainCRM.SheduleCall_Del_MAC -->
