<?xml version="1.0" encoding="UTF-8"?>
<!-- Generated by org.testng.reporters.JUnitReportReporter -->
<testsuite hostname="DESKTOP-2647FE1" failures="0" tests="1" name="ChainCRM.New" time="5.676" errors="0" timestamp="2024-09-20T10:00:36 IST" skipped="0">
  <testcase classname="ChainCRM.New" name="testContactCreate" time="5.676"/>
</testsuite> <!-- ChainCRM.New -->
